<?xml version="1.0" encoding="UTF-8"?>
<testsuite name="companyB.common.SimpleRegexUtilsTest" time="0.085" tests="61" errors="0" skipped="0" failures="0">
  <properties>
    <property name="java.runtime.name" value="Java(TM) SE Runtime Environment"/>
    <property name="sun.boot.library.path" value="/Library/Java/JavaVirtualMachines/jdk1.7.0_45.jdk/Contents/Home/jre/lib"/>
    <property name="java.vm.version" value="24.45-b08"/>
    <property name="gopherProxySet" value="false"/>
    <property name="java.vm.vendor" value="Oracle Corporation"/>
    <property name="java.vendor.url" value="http://java.oracle.com/"/>
    <property name="path.separator" value=":"/>
    <property name="guice.disable.misplaced.annotation.check" value="true"/>
    <property name="java.vm.name" value="Java HotSpot(TM) 64-Bit Server VM"/>
    <property name="file.encoding.pkg" value="sun.io"/>
    <property name="user.country" value="US"/>
    <property name="sun.java.launcher" value="SUN_STANDARD"/>
    <property name="sun.os.patch.level" value="unknown"/>
    <property name="java.vm.specification.name" value="Java Virtual Machine Specification"/>
    <property name="user.dir" value="/Users/charlie/IdeaProjects/tbd"/>
    <property name="java.runtime.version" value="1.7.0_45-b18"/>
    <property name="java.awt.graphicsenv" value="sun.awt.CGraphicsEnvironment"/>
    <property name="java.endorsed.dirs" value="/Library/Java/JavaVirtualMachines/jdk1.7.0_45.jdk/Contents/Home/jre/lib/endorsed"/>
    <property name="os.arch" value="x86_64"/>
    <property name="java.io.tmpdir" value="/var/folders/_n/gqx3cqxn0hz4k7zghg0kflk40000gn/T/"/>
    <property name="line.separator" value="&#10;"/>
    <property name="java.vm.specification.vendor" value="Oracle Corporation"/>
    <property name="os.name" value="Mac OS X"/>
    <property name="classworlds.conf" value="/Users/charlie/maven/bin/m2.conf"/>
    <property name="sun.jnu.encoding" value="UTF-8"/>
    <property name="java.library.path" value="/Users/charlie/Library/Java/Extensions:/Library/Java/Extensions:/Network/Library/Java/Extensions:/System/Library/Java/Extensions:/usr/lib/java:."/>
    <property name="java.specification.name" value="Java Platform API Specification"/>
    <property name="java.class.version" value="51.0"/>
    <property name="sun.management.compiler" value="HotSpot 64-Bit Tiered Compilers"/>
    <property name="os.version" value="10.9.2"/>
    <property name="http.nonProxyHosts" value="local|*.local|169.254/16|*.169.254/16"/>
    <property name="user.home" value="/Users/charlie"/>
    <property name="user.timezone" value="America/Los_Angeles"/>
    <property name="java.awt.printerjob" value="sun.lwawt.macosx.CPrinterJob"/>
    <property name="java.specification.version" value="1.7"/>
    <property name="file.encoding" value="UTF-8"/>
    <property name="user.name" value="charlie"/>
    <property name="java.class.path" value="/Users/charlie/maven/boot/plexus-classworlds-2.5.1.jar"/>
    <property name="org.slf4j.simpleLogger.defaultLogLevel" value="info"/>
    <property name="java.vm.specification.version" value="1.7"/>
    <property name="sun.arch.data.model" value="64"/>
    <property name="java.home" value="/Library/Java/JavaVirtualMachines/jdk1.7.0_45.jdk/Contents/Home/jre"/>
    <property name="sun.java.command" value="org.codehaus.plexus.classworlds.launcher.Launcher clean install"/>
    <property name="java.specification.vendor" value="Oracle Corporation"/>
    <property name="user.language" value="en"/>
    <property name="awt.toolkit" value="sun.lwawt.macosx.LWCToolkit"/>
    <property name="java.vm.info" value="mixed mode"/>
    <property name="java.version" value="1.7.0_45"/>
    <property name="java.ext.dirs" value="/Users/charlie/Library/Java/Extensions:/Library/Java/JavaVirtualMachines/jdk1.7.0_45.jdk/Contents/Home/jre/lib/ext:/Library/Java/Extensions:/Network/Library/Java/Extensions:/System/Library/Java/Extensions:/usr/lib/java"/>
    <property name="sun.boot.class.path" value="/Library/Java/JavaVirtualMachines/jdk1.7.0_45.jdk/Contents/Home/jre/lib/resources.jar:/Library/Java/JavaVirtualMachines/jdk1.7.0_45.jdk/Contents/Home/jre/lib/rt.jar:/Library/Java/JavaVirtualMachines/jdk1.7.0_45.jdk/Contents/Home/jre/lib/sunrsasign.jar:/Library/Java/JavaVirtualMachines/jdk1.7.0_45.jdk/Contents/Home/jre/lib/jsse.jar:/Library/Java/JavaVirtualMachines/jdk1.7.0_45.jdk/Contents/Home/jre/lib/jce.jar:/Library/Java/JavaVirtualMachines/jdk1.7.0_45.jdk/Contents/Home/jre/lib/charsets.jar:/Library/Java/JavaVirtualMachines/jdk1.7.0_45.jdk/Contents/Home/jre/lib/jfr.jar:/Library/Java/JavaVirtualMachines/jdk1.7.0_45.jdk/Contents/Home/jre/lib/JObjC.jar:/Library/Java/JavaVirtualMachines/jdk1.7.0_45.jdk/Contents/Home/jre/classes"/>
    <property name="java.vendor" value="Oracle Corporation"/>
    <property name="maven.home" value="/Users/charlie/maven"/>
    <property name="file.separator" value="/"/>
    <property name="java.vendor.url.bug" value="http://bugreport.sun.com/bugreport/"/>
    <property name="sun.cpu.endian" value="little"/>
    <property name="sun.io.unicode.encoding" value="UnicodeBig"/>
    <property name="socksNonProxyHosts" value="local|*.local|169.254/16|*.169.254/16"/>
    <property name="ftp.nonProxyHosts" value="local|*.local|169.254/16|*.169.254/16"/>
    <property name="sun.cpu.isalist" value=""/>
  </properties>
  <testcase name="testIsValidNumberSeriesExponent" classname="companyB.common.SimpleRegexUtilsTest" time="0.001"/>
  <testcase name="testIsValidNumberSeriesExponentLowerCase" classname="companyB.common.SimpleRegexUtilsTest" time="0.002"/>
  <testcase name="testIsValidNumberSeriesDecimal" classname="companyB.common.SimpleRegexUtilsTest" time="0.002"/>
  <testcase name="testIsValidNumberSeriesLeadingDecimal" classname="companyB.common.SimpleRegexUtilsTest" time="0.002"/>
  <testcase name="testIsValidNumberSeriesTrailingDecimal" classname="companyB.common.SimpleRegexUtilsTest" time="0.001"/>
  <testcase name="testIsValidNumberSeriesExponentDecimal" classname="companyB.common.SimpleRegexUtilsTest" time="0.001"/>
  <testcase name="testIsValidNumberSeriesNegative" classname="companyB.common.SimpleRegexUtilsTest" time="0.002"/>
  <testcase name="testIsValidNumberSeriesNegativeDecimal" classname="companyB.common.SimpleRegexUtilsTest" time="0.001"/>
  <testcase name="testIsValidNumberSeriesNegativeDecimalLeading" classname="companyB.common.SimpleRegexUtilsTest" time="0.001"/>
  <testcase name="testIsValidNumberSeriesNegativeDecimalTrailing" classname="companyB.common.SimpleRegexUtilsTest" time="0.001"/>
  <testcase name="testIsValidNumberSeriesNegativeExponentLowerCase" classname="companyB.common.SimpleRegexUtilsTest" time="0.001"/>
  <testcase name="testIsValidNumberSeriesNegativeExponentUpperCase" classname="companyB.common.SimpleRegexUtilsTest" time="0.001"/>
  <testcase name="testIsValidNumberSeriesNegativeExponentDecimalLowerCase" classname="companyB.common.SimpleRegexUtilsTest" time="0.001"/>
  <testcase name="testIsValidNumberSeriesNegativeExponentDecimalUpperCase" classname="companyB.common.SimpleRegexUtilsTest" time="0.001"/>
  <testcase name="testIsValidNumberSeriesDoubleDecimal" classname="companyB.common.SimpleRegexUtilsTest" time="0.001"/>
  <testcase name="testIsValidNumberSeriesDoubleNegative" classname="companyB.common.SimpleRegexUtilsTest" time="0.001"/>
  <testcase name="testIsValidNumberSeriesDoubleExponent" classname="companyB.common.SimpleRegexUtilsTest" time="0.002"/>
  <testcase name="testIsLetterSeries" classname="companyB.common.SimpleRegexUtilsTest" time="0.001"/>
  <testcase name="testIsValidFormattedSeriesNullString" classname="companyB.common.SimpleRegexUtilsTest" time="0.003"/>
  <testcase name="testIsValidFormattedSeriesEmptyStringString" classname="companyB.common.SimpleRegexUtilsTest" time="0.002"/>
  <testcase name="testIsValidFormattedSeriesStringNull" classname="companyB.common.SimpleRegexUtilsTest" time="0.002"/>
  <testcase name="testIsValidFormattedSeriesStringEmptyString" classname="companyB.common.SimpleRegexUtilsTest" time="0.002"/>
  <testcase name="testIsValidFormattedSeriesNullEmptyString" classname="companyB.common.SimpleRegexUtilsTest" time="0.001"/>
  <testcase name="testIsValidFormattedSeriesEmptyStringNull" classname="companyB.common.SimpleRegexUtilsTest" time="0.002"/>
  <testcase name="testIsValidFormattedSeriesEmptyStringEmptyString" classname="companyB.common.SimpleRegexUtilsTest" time="0.001"/>
  <testcase name="testIsValidFormattedSeriesNullNull" classname="companyB.common.SimpleRegexUtilsTest" time="0.002"/>
  <testcase name="testIsValidFormattedSeriesComplexLettersFail_2" classname="companyB.common.SimpleRegexUtilsTest" time="0.004"/>
  <testcase name="testIsValidFormattedSeriesComplexLettersPass" classname="companyB.common.SimpleRegexUtilsTest" time="0.002"/>
  <testcase name="testIsValidFormattedSeriesComplexLettersFail" classname="companyB.common.SimpleRegexUtilsTest" time="0.002"/>
  <testcase name="testIsValidFormattedSeriesComplexNumbersPass" classname="companyB.common.SimpleRegexUtilsTest" time="0.001"/>
  <testcase name="testIsValidFormattedSeriesComplexNumbersFail" classname="companyB.common.SimpleRegexUtilsTest" time="0.001"/>
  <testcase name="testIsValidFormattedSeriesComplexMixedPass" classname="companyB.common.SimpleRegexUtilsTest" time="0.002"/>
  <testcase name="testIsValidFormattedSeriesComplexMixedFail" classname="companyB.common.SimpleRegexUtilsTest" time="0.001"/>
  <testcase name="testIsValidFormattedSeriesComplexEmailPass" classname="companyB.common.SimpleRegexUtilsTest" time="0.002"/>
  <testcase name="testIsValidFormattedSeriesComplexEmailPass_2" classname="companyB.common.SimpleRegexUtilsTest" time="0.001"/>
  <testcase name="testIsValidFormattedSeriesComplexEmailPass_3" classname="companyB.common.SimpleRegexUtilsTest" time="0.002"/>
  <testcase name="testIsValidFormattedSeriesComplexEmailFail" classname="companyB.common.SimpleRegexUtilsTest" time="0.001"/>
  <testcase name="testIsValidAlphaNNull" classname="companyB.common.SimpleRegexUtilsTest" time="0.002"/>
  <testcase name="testIsNumberTrue" classname="companyB.common.SimpleRegexUtilsTest" time="0.001"/>
  <testcase name="testIsNumberFalse" classname="companyB.common.SimpleRegexUtilsTest" time="0.002"/>
  <testcase name="testIsValidNumberSeriesNull" classname="companyB.common.SimpleRegexUtilsTest" time="0.001"/>
  <testcase name="testIsLetterSeriesEmptyString" classname="companyB.common.SimpleRegexUtilsTest" time="0.001"/>
  <testcase name="testIsLetterSeriesFalse" classname="companyB.common.SimpleRegexUtilsTest" time="0.002"/>
  <testcase name="testIsLetterSeriesFalse_2" classname="companyB.common.SimpleRegexUtilsTest" time="0.001"/>
  <testcase name="testIsLetterSeriesNull" classname="companyB.common.SimpleRegexUtilsTest" time="0.001"/>
  <testcase name="testIsValidFormattedSeriesAmericanZipPass" classname="companyB.common.SimpleRegexUtilsTest" time="0.001"/>
  <testcase name="testIsValidFormattedSeriesAmericanZipFail" classname="companyB.common.SimpleRegexUtilsTest" time="0.001"/>
  <testcase name="testIsValidFormattedSeriesAmericanZipPlusFourPass" classname="companyB.common.SimpleRegexUtilsTest" time="0.002"/>
  <testcase name="testIsValidFormattedSeriesAmericanZipPlusFourFail_1" classname="companyB.common.SimpleRegexUtilsTest" time="0.001"/>
  <testcase name="testIsValidFormattedSeriesAmericanZipPlusFourFail_2" classname="companyB.common.SimpleRegexUtilsTest" time="0.002"/>
  <testcase name="testIsValidFormattedSeriesAmericanZipPlusFourFail_3" classname="companyB.common.SimpleRegexUtilsTest" time="0"/>
  <testcase name="testIsValidFormattedSeriesAmericanZipPlusFourFail_4" classname="companyB.common.SimpleRegexUtilsTest" time="0.001"/>
  <testcase name="testIsValidFormattedSeriesCanadianPostalCodePass_1" classname="companyB.common.SimpleRegexUtilsTest" time="0.001"/>
  <testcase name="testIsValidFormattedSeriesCanadianPostalCodePass_2" classname="companyB.common.SimpleRegexUtilsTest" time="0.001"/>
  <testcase name="testIsValidFormattedSeriesCanadianPostalCodeFail_1" classname="companyB.common.SimpleRegexUtilsTest" time="0.001"/>
  <testcase name="testIsValidFormattedSeriesCanadianPostalCodeFail_2" classname="companyB.common.SimpleRegexUtilsTest" time="0.001"/>
  <testcase name="testIsValidAlphaNEmpty" classname="companyB.common.SimpleRegexUtilsTest" time="0.003"/>
  <testcase name="testIsValidAlphaNAllAlpha" classname="companyB.common.SimpleRegexUtilsTest" time="0"/>
  <testcase name="testIsValidAlphaNAllN" classname="companyB.common.SimpleRegexUtilsTest" time="0.001"/>
  <testcase name="testIsValidAlphaNMixedTrue" classname="companyB.common.SimpleRegexUtilsTest" time="0.001"/>
  <testcase name="testIsValidAlphaNMixedFalse" classname="companyB.common.SimpleRegexUtilsTest" time="0"/>
</testsuite>